<?xml version="1.0" encoding="UTF-8"?>
<robot generator="Robot 4.1 (Python 3.9.6 on win32)" generated="20220118 19:47:51.488" rpa="false" schemaversion="2">
<suite id="s1" name="Geeks" source="C:\GravidadeZERO\GetGeeks\project\backend\tests\Geeks.robot">
<test id="s1-t1" name="Get Geek List">
<kw name="Factory Search For Geeks" library="Users">
<var>${data}</var>
<msg timestamp="20220118 19:47:51.602" level="INFO">${data} = {'user': {'name': 'José Paulo', 'email': 'josepaulo@email.com', 'password': 'qwe123'}, 'geeks': [{'name': 'Riri Willians', 'email': 'riri@marvel.com', 'password': 'pwd123', 'geek_profile': {'whatsapp'...</msg>
<status status="PASS" starttime="20220118 19:47:51.601" endtime="20220118 19:47:51.602"/>
</kw>
<for flavor="IN">
<var>${geek}</var>
<value>@{data}[geeks]</value>
<iter>
<var name="${geek}">{'name': 'Riri Willians', 'email': 'riri@marvel.com', 'password': 'pwd123', 'geek_profile': {'whatsapp': '11999999999', 'desc': 'Seu computador está lento? Reiniciando do nada? Talvez seja um vírus, o...</var>
<kw name="POST User" library="UsersRoute">
<arg>${geek}</arg>
<kw name="POST" library="RequestsLibrary">
<var>${response}</var>
<arg>${URL_API_USERS}/users</arg>
<arg>json=${payload}</arg>
<arg>expected_status=any</arg>
<doc>Sends a POST request.</doc>
<msg timestamp="20220118 19:47:52.336" level="INFO">POST Request : url=https://getgeeks-users-nilton.herokuapp.com/users 
 path_url=/users 
 headers={'User-Agent': 'python-requests/2.26.0', 'Accept-Encoding': 'gzip, deflate', 'Accept': '*/*', 'Connection': 'keep-alive', 'Content-Length': '483', 'Content-Type': 'application/json'} 
 body=b'{"name": "Riri Willians", "email": "riri@marvel.com", "password": "pwd123", "geek_profile": {"whatsapp": "11999999999", "desc": "Seu computador est\\u00e1 lento? Reiniciando do nada? Talvez seja um v\\u00edrus, ou algum hardware com defeito. Posso fazer a manuten\\u00e7\\u00e3o no seu PC, formando, reinstalando o SO, trocando algum componente f\\u00edsico e porque n\\u00e3o remover o baidu ou qualquer outro malware.", "printer_repair": "N\\u00e3o", "work": "Presencial", "cost": "100"}}' 
 </msg>
<msg timestamp="20220118 19:47:52.336" level="INFO">POST Response : url=https://getgeeks-users-nilton.herokuapp.com/users 
 status=201, reason=Created 
 headers={'Server': 'Cowboy', 'Connection': 'keep-alive', 'X-Powered-By': 'Express', 'Access-Control-Allow-Origin': '*', 'Content-Type': 'application/json; charset=utf-8', 'Content-Length': '10', 'Etag': 'W/"a-9Z3bny6nfB8v0QirXOrPG9QGZ+E"', 'Date': 'Tue, 18 Jan 2022 22:47:51 GMT', 'Via': '1.1 vegur'} 
 body={"id":369} 
 </msg>
<msg timestamp="20220118 19:47:52.336" level="INFO">${response} = &lt;Response [201]&gt;</msg>
<status status="PASS" starttime="20220118 19:47:51.603" endtime="20220118 19:47:52.336"/>
</kw>
<status status="PASS" starttime="20220118 19:47:51.603" endtime="20220118 19:47:52.337"/>
</kw>
<kw name="Get Token" library="Helpers">
<var>${token}</var>
<arg>${geek}</arg>
<kw name="Create Dictionary" library="BuiltIn">
<var>${payload}</var>
<arg>email=${user}[email]</arg>
<arg>password=${user}[password]</arg>
<doc>Creates and returns a dictionary based on the given ``items``.</doc>
<msg timestamp="20220118 19:47:52.339" level="INFO">${payload} = {'email': 'riri@marvel.com', 'password': 'pwd123'}</msg>
<status status="PASS" starttime="20220118 19:47:52.338" endtime="20220118 19:47:52.339"/>
</kw>
<kw name="POST Sessions" library="SessionsRoute">
<var>${response}</var>
<arg>${payload}</arg>
<kw name="POST" library="RequestsLibrary">
<var>${response}</var>
<arg>${URL_API_USERS}/sessions</arg>
<arg>json=${payload}</arg>
<arg>expected_status=any</arg>
<doc>Sends a POST request.</doc>
<msg timestamp="20220118 19:47:53.078" level="INFO">POST Request : url=https://getgeeks-users-nilton.herokuapp.com/sessions 
 path_url=/sessions 
 headers={'User-Agent': 'python-requests/2.26.0', 'Accept-Encoding': 'gzip, deflate', 'Accept': '*/*', 'Connection': 'keep-alive', 'Content-Length': '50', 'Content-Type': 'application/json'} 
 body=b'{"email": "riri@marvel.com", "password": "pwd123"}' 
 </msg>
<msg timestamp="20220118 19:47:53.079" level="INFO">POST Response : url=https://getgeeks-users-nilton.herokuapp.com/sessions 
 status=200, reason=OK 
 headers={'Server': 'Cowboy', 'Connection': 'keep-alive', 'X-Powered-By': 'Express', 'Access-Control-Allow-Origin': '*', 'Content-Type': 'application/json; charset=utf-8', 'Content-Length': '363', 'Etag': 'W/"16b-Kj45VyDzb3iMpsS8sp43QipKrEg"', 'Date': 'Tue, 18 Jan 2022 22:47:51 GMT', 'Via': '1.1 vegur'} 
 body={"user":{"id":369,"email":"riri@marvel.com","password_hash":"$2b$08$dRXxCAHhPWPU1a28gier6eJHdLhheNVMxgTQ1ptmej3jXXUlRr3YW","name":"Riri Willians","avatar":null,"whatsapp":null,"is_geek":false},"token":"eyJhbGciOiJIUzI1NiIsInR5cCI6IkpXVCJ9.eyJpZCI6MzY5LCJpYXQiOjE2NDI1NDYwNzEsImV4cCI6MTY0MzQxMDA3MX0.X7zzOkTQE2frO_t4xnrOhsZbNnr9Bj8XJ_b3MTQ061g","expires_in":"10d"} 
 </msg>
<msg timestamp="20220118 19:47:53.080" level="INFO">${response} = &lt;Response [200]&gt;</msg>
<status status="PASS" starttime="20220118 19:47:52.340" endtime="20220118 19:47:53.080"/>
</kw>
<msg timestamp="20220118 19:47:53.081" level="INFO">${response} = &lt;Response [200]&gt;</msg>
<status status="PASS" starttime="20220118 19:47:52.340" endtime="20220118 19:47:53.082"/>
</kw>
<kw name="Set Variable" library="BuiltIn">
<var>${result}</var>
<arg>${EMPTY}</arg>
<doc>Returns the given values which can then be assigned to a variables.</doc>
<msg timestamp="20220118 19:47:53.086" level="INFO">${result} = </msg>
<status status="PASS" starttime="20220118 19:47:53.082" endtime="20220118 19:47:53.086"/>
</kw>
<if>
<branch type="IF" condition="&quot;200&quot; in &quot;${response}&quot;">
<kw name="Set Variable" library="BuiltIn">
<var>${result}</var>
<arg>Bearer ${response.json()}[token]</arg>
<doc>Returns the given values which can then be assigned to a variables.</doc>
<msg timestamp="20220118 19:47:53.089" level="INFO">${result} = Bearer eyJhbGciOiJIUzI1NiIsInR5cCI6IkpXVCJ9.eyJpZCI6MzY5LCJpYXQiOjE2NDI1NDYwNzEsImV4cCI6MTY0MzQxMDA3MX0.X7zzOkTQE2frO_t4xnrOhsZbNnr9Bj8XJ_b3MTQ061g</msg>
<status status="PASS" starttime="20220118 19:47:53.087" endtime="20220118 19:47:53.089"/>
</kw>
<status status="PASS" starttime="20220118 19:47:53.087" endtime="20220118 19:47:53.089"/>
</branch>
<status status="PASS" starttime="20220118 19:47:53.087" endtime="20220118 19:47:53.089"/>
</if>
<msg timestamp="20220118 19:47:53.090" level="INFO">${token} = Bearer eyJhbGciOiJIUzI1NiIsInR5cCI6IkpXVCJ9.eyJpZCI6MzY5LCJpYXQiOjE2NDI1NDYwNzEsImV4cCI6MTY0MzQxMDA3MX0.X7zzOkTQE2frO_t4xnrOhsZbNnr9Bj8XJ_b3MTQ061g</msg>
<status status="PASS" starttime="20220118 19:47:52.337" endtime="20220118 19:47:53.090"/>
</kw>
<kw name="POST Geek" library="GeeksRoute">
<arg>${token}</arg>
<arg>${geek}[geek_profile]</arg>
<kw name="Create Dictionary" library="BuiltIn">
<var>${headers}</var>
<arg>Authorization=${token}</arg>
<doc>Creates and returns a dictionary based on the given ``items``.</doc>
<msg timestamp="20220118 19:47:53.093" level="INFO">${headers} = {'Authorization': 'Bearer eyJhbGciOiJIUzI1NiIsInR5cCI6IkpXVCJ9.eyJpZCI6MzY5LCJpYXQiOjE2NDI1NDYwNzEsImV4cCI6MTY0MzQxMDA3MX0.X7zzOkTQE2frO_t4xnrOhsZbNnr9Bj8XJ_b3MTQ061g'}</msg>
<status status="PASS" starttime="20220118 19:47:53.092" endtime="20220118 19:47:53.093"/>
</kw>
<kw name="POST" library="RequestsLibrary">
<var>${response}</var>
<arg>${URL_API_GEEKS}/geeks</arg>
<arg>json=${payload}</arg>
<arg>headers=${headers}</arg>
<arg>expected_status=any</arg>
<doc>Sends a POST request.</doc>
<msg timestamp="20220118 19:47:53.912" level="INFO">POST Request : url=https://getgeeks-geeks-nilton.herokuapp.com/geeks 
 path_url=/geeks 
 headers={'User-Agent': 'python-requests/2.26.0', 'Accept-Encoding': 'gzip, deflate', 'Accept': '*/*', 'Connection': 'keep-alive', 'Authorization': 'Bearer eyJhbGciOiJIUzI1NiIsInR5cCI6IkpXVCJ9.eyJpZCI6MzY5LCJpYXQiOjE2NDI1NDYwNzEsImV4cCI6MTY0MzQxMDA3MX0.X7zzOkTQE2frO_t4xnrOhsZbNnr9Bj8XJ_b3MTQ061g', 'Content-Length': '390', 'Content-Type': 'application/json'} 
 body=b'{"whatsapp": "11999999999", "desc": "Seu computador est\\u00e1 lento? Reiniciando do nada? Talvez seja um v\\u00edrus, ou algum hardware com defeito. Posso fazer a manuten\\u00e7\\u00e3o no seu PC, formando, reinstalando o SO, trocando algum componente f\\u00edsico e porque n\\u00e3o remover o baidu ou qualquer outro malware.", "printer_repair": "N\\u00e3o", "work": "Presencial", "cost": "100"}' 
 </msg>
<msg timestamp="20220118 19:47:53.912" level="INFO">POST Response : url=https://getgeeks-geeks-nilton.herokuapp.com/geeks 
 status=201, reason=Created 
 headers={'Server': 'Cowboy', 'Connection': 'keep-alive', 'X-Powered-By': 'Express', 'Access-Control-Allow-Origin': '*', 'Date': 'Tue, 18 Jan 2022 22:47:52 GMT', 'Content-Length': '0', 'Via': '1.1 vegur'} 
 body=None 
 </msg>
<msg timestamp="20220118 19:47:53.913" level="INFO">${response} = &lt;Response [201]&gt;</msg>
<status status="PASS" starttime="20220118 19:47:53.093" endtime="20220118 19:47:53.913"/>
</kw>
<status status="PASS" starttime="20220118 19:47:53.090" endtime="20220118 19:47:53.913"/>
</kw>
<status status="PASS" starttime="20220118 19:47:51.603" endtime="20220118 19:47:53.913"/>
</iter>
<iter>
<var name="${geek}">{'name': 'Arnim Zola', 'email': 'zola@hidra.com', 'password': 'pwd123', 'geek_profile': {'whatsapp': '21999999999', 'desc': 'Instalo Distros Ubuntu, Debian, ElementaryOS, PopOS, Linux Mint, Kurumin, M...</var>
<kw name="POST User" library="UsersRoute">
<arg>${geek}</arg>
<kw name="POST" library="RequestsLibrary">
<var>${response}</var>
<arg>${URL_API_USERS}/users</arg>
<arg>json=${payload}</arg>
<arg>expected_status=any</arg>
<doc>Sends a POST request.</doc>
<msg timestamp="20220118 19:47:54.741" level="INFO">POST Request : url=https://getgeeks-users-nilton.herokuapp.com/users 
 path_url=/users 
 headers={'User-Agent': 'python-requests/2.26.0', 'Accept-Encoding': 'gzip, deflate', 'Accept': '*/*', 'Connection': 'keep-alive', 'Content-Length': '445', 'Content-Type': 'application/json'} 
 body=b'{"name": "Arnim Zola", "email": "zola@hidra.com", "password": "pwd123", "geek_profile": {"whatsapp": "21999999999", "desc": "Instalo Distros Ubuntu, Debian, ElementaryOS, PopOS, Linux Mint, Kurumin, Mandrake, Connectiva, Fedora, RedHat, CentOS, Slackware, Gentoo, Archlinux, Kubuntu, Xubuntu, Suze, Mandriva, Edubuntu, KateOS, Sabayon Linux, Manjaro Linux, BigLinux, ZorinOS, Unit", "printer_repair": "N\\u00e3o", "work": "Ambos", "cost": "110"}}' 
 </msg>
<msg timestamp="20220118 19:47:54.742" level="INFO">POST Response : url=https://getgeeks-users-nilton.herokuapp.com/users 
 status=201, reason=Created 
 headers={'Server': 'Cowboy', 'Connection': 'keep-alive', 'X-Powered-By': 'Express', 'Access-Control-Allow-Origin': '*', 'Content-Type': 'application/json; charset=utf-8', 'Content-Length': '10', 'Etag': 'W/"a-QGhSq6KrJTVXZMMHX3bwN6O+vLw"', 'Date': 'Tue, 18 Jan 2022 22:47:53 GMT', 'Via': '1.1 vegur'} 
 body={"id":370} 
 </msg>
<msg timestamp="20220118 19:47:54.742" level="INFO">${response} = &lt;Response [201]&gt;</msg>
<status status="PASS" starttime="20220118 19:47:53.915" endtime="20220118 19:47:54.742"/>
</kw>
<status status="PASS" starttime="20220118 19:47:53.914" endtime="20220118 19:47:54.743"/>
</kw>
<kw name="Get Token" library="Helpers">
<var>${token}</var>
<arg>${geek}</arg>
<kw name="Create Dictionary" library="BuiltIn">
<var>${payload}</var>
<arg>email=${user}[email]</arg>
<arg>password=${user}[password]</arg>
<doc>Creates and returns a dictionary based on the given ``items``.</doc>
<msg timestamp="20220118 19:47:54.747" level="INFO">${payload} = {'email': 'zola@hidra.com', 'password': 'pwd123'}</msg>
<status status="PASS" starttime="20220118 19:47:54.745" endtime="20220118 19:47:54.747"/>
</kw>
<kw name="POST Sessions" library="SessionsRoute">
<var>${response}</var>
<arg>${payload}</arg>
<kw name="POST" library="RequestsLibrary">
<var>${response}</var>
<arg>${URL_API_USERS}/sessions</arg>
<arg>json=${payload}</arg>
<arg>expected_status=any</arg>
<doc>Sends a POST request.</doc>
<msg timestamp="20220118 19:47:55.479" level="INFO">POST Request : url=https://getgeeks-users-nilton.herokuapp.com/sessions 
 path_url=/sessions 
 headers={'User-Agent': 'python-requests/2.26.0', 'Accept-Encoding': 'gzip, deflate', 'Accept': '*/*', 'Connection': 'keep-alive', 'Content-Length': '49', 'Content-Type': 'application/json'} 
 body=b'{"email": "zola@hidra.com", "password": "pwd123"}' 
 </msg>
<msg timestamp="20220118 19:47:55.479" level="INFO">POST Response : url=https://getgeeks-users-nilton.herokuapp.com/sessions 
 status=200, reason=OK 
 headers={'Server': 'Cowboy', 'Connection': 'keep-alive', 'X-Powered-By': 'Express', 'Access-Control-Allow-Origin': '*', 'Content-Type': 'application/json; charset=utf-8', 'Content-Length': '359', 'Etag': 'W/"167-okZ3oorsrkOFRa/dt3/3dLdh29s"', 'Date': 'Tue, 18 Jan 2022 22:47:54 GMT', 'Via': '1.1 vegur'} 
 body={"user":{"id":370,"email":"zola@hidra.com","password_hash":"$2b$08$cZ1VfgqNAfErGJq/p0.UWu3eBY82O9ziGT50sTMUof/u/VQngNzkm","name":"Arnim Zola","avatar":null,"whatsapp":null,"is_geek":false},"token":"eyJhbGciOiJIUzI1NiIsInR5cCI6IkpXVCJ9.eyJpZCI6MzcwLCJpYXQiOjE2NDI1NDYwNzQsImV4cCI6MTY0MzQxMDA3NH0.hPzhVSkLa-WULo8ZD1ryBpd5wkWubzqER0bMTFDumYo","expires_in":"10d"} 
 </msg>
<msg timestamp="20220118 19:47:55.480" level="INFO">${response} = &lt;Response [200]&gt;</msg>
<status status="PASS" starttime="20220118 19:47:54.749" endtime="20220118 19:47:55.480"/>
</kw>
<msg timestamp="20220118 19:47:55.481" level="INFO">${response} = &lt;Response [200]&gt;</msg>
<status status="PASS" starttime="20220118 19:47:54.748" endtime="20220118 19:47:55.481"/>
</kw>
<kw name="Set Variable" library="BuiltIn">
<var>${result}</var>
<arg>${EMPTY}</arg>
<doc>Returns the given values which can then be assigned to a variables.</doc>
<msg timestamp="20220118 19:47:55.484" level="INFO">${result} = </msg>
<status status="PASS" starttime="20220118 19:47:55.481" endtime="20220118 19:47:55.484"/>
</kw>
<if>
<branch type="IF" condition="&quot;200&quot; in &quot;${response}&quot;">
<kw name="Set Variable" library="BuiltIn">
<var>${result}</var>
<arg>Bearer ${response.json()}[token]</arg>
<doc>Returns the given values which can then be assigned to a variables.</doc>
<msg timestamp="20220118 19:47:55.487" level="INFO">${result} = Bearer eyJhbGciOiJIUzI1NiIsInR5cCI6IkpXVCJ9.eyJpZCI6MzcwLCJpYXQiOjE2NDI1NDYwNzQsImV4cCI6MTY0MzQxMDA3NH0.hPzhVSkLa-WULo8ZD1ryBpd5wkWubzqER0bMTFDumYo</msg>
<status status="PASS" starttime="20220118 19:47:55.485" endtime="20220118 19:47:55.487"/>
</kw>
<status status="PASS" starttime="20220118 19:47:55.485" endtime="20220118 19:47:55.488"/>
</branch>
<status status="PASS" starttime="20220118 19:47:55.484" endtime="20220118 19:47:55.489"/>
</if>
<msg timestamp="20220118 19:47:55.489" level="INFO">${token} = Bearer eyJhbGciOiJIUzI1NiIsInR5cCI6IkpXVCJ9.eyJpZCI6MzcwLCJpYXQiOjE2NDI1NDYwNzQsImV4cCI6MTY0MzQxMDA3NH0.hPzhVSkLa-WULo8ZD1ryBpd5wkWubzqER0bMTFDumYo</msg>
<status status="PASS" starttime="20220118 19:47:54.744" endtime="20220118 19:47:55.489"/>
</kw>
<kw name="POST Geek" library="GeeksRoute">
<arg>${token}</arg>
<arg>${geek}[geek_profile]</arg>
<kw name="Create Dictionary" library="BuiltIn">
<var>${headers}</var>
<arg>Authorization=${token}</arg>
<doc>Creates and returns a dictionary based on the given ``items``.</doc>
<msg timestamp="20220118 19:47:55.491" level="INFO">${headers} = {'Authorization': 'Bearer eyJhbGciOiJIUzI1NiIsInR5cCI6IkpXVCJ9.eyJpZCI6MzcwLCJpYXQiOjE2NDI1NDYwNzQsImV4cCI6MTY0MzQxMDA3NH0.hPzhVSkLa-WULo8ZD1ryBpd5wkWubzqER0bMTFDumYo'}</msg>
<status status="PASS" starttime="20220118 19:47:55.491" endtime="20220118 19:47:55.491"/>
</kw>
<kw name="POST" library="RequestsLibrary">
<var>${response}</var>
<arg>${URL_API_GEEKS}/geeks</arg>
<arg>json=${payload}</arg>
<arg>headers=${headers}</arg>
<arg>expected_status=any</arg>
<doc>Sends a POST request.</doc>
<msg timestamp="20220118 19:47:56.196" level="INFO">POST Request : url=https://getgeeks-geeks-nilton.herokuapp.com/geeks 
 path_url=/geeks 
 headers={'User-Agent': 'python-requests/2.26.0', 'Accept-Encoding': 'gzip, deflate', 'Accept': '*/*', 'Connection': 'keep-alive', 'Authorization': 'Bearer eyJhbGciOiJIUzI1NiIsInR5cCI6IkpXVCJ9.eyJpZCI6MzcwLCJpYXQiOjE2NDI1NDYwNzQsImV4cCI6MTY0MzQxMDA3NH0.hPzhVSkLa-WULo8ZD1ryBpd5wkWubzqER0bMTFDumYo', 'Content-Length': '356', 'Content-Type': 'application/json'} 
 body=b'{"whatsapp": "21999999999", "desc": "Instalo Distros Ubuntu, Debian, ElementaryOS, PopOS, Linux Mint, Kurumin, Mandrake, Connectiva, Fedora, RedHat, CentOS, Slackware, Gentoo, Archlinux, Kubuntu, Xubuntu, Suze, Mandriva, Edubuntu, KateOS, Sabayon Linux, Manjaro Linux, BigLinux, ZorinOS, Unit", "printer_repair": "N\\u00e3o", "work": "Ambos", "cost": "110"}' 
 </msg>
<msg timestamp="20220118 19:47:56.196" level="INFO">POST Response : url=https://getgeeks-geeks-nilton.herokuapp.com/geeks 
 status=201, reason=Created 
 headers={'Server': 'Cowboy', 'Connection': 'keep-alive', 'X-Powered-By': 'Express', 'Access-Control-Allow-Origin': '*', 'Date': 'Tue, 18 Jan 2022 22:47:54 GMT', 'Content-Length': '0', 'Via': '1.1 vegur'} 
 body=None 
 </msg>
<msg timestamp="20220118 19:47:56.197" level="INFO">${response} = &lt;Response [201]&gt;</msg>
<status status="PASS" starttime="20220118 19:47:55.492" endtime="20220118 19:47:56.197"/>
</kw>
<status status="PASS" starttime="20220118 19:47:55.489" endtime="20220118 19:47:56.198"/>
</kw>
<status status="PASS" starttime="20220118 19:47:53.914" endtime="20220118 19:47:56.198"/>
</iter>
<iter>
<var name="${geek}">{'name': 'Reed Richards', 'email': 'reed@fantastic4.com', 'password': 'pwd123', 'geek_profile': {'whatsapp': '31999999999', 'desc': 'Instalado e faço manutenção em qualquer tipo de impressora, matrici...</var>
<kw name="POST User" library="UsersRoute">
<arg>${geek}</arg>
<kw name="POST" library="RequestsLibrary">
<var>${response}</var>
<arg>${URL_API_USERS}/users</arg>
<arg>json=${payload}</arg>
<arg>expected_status=any</arg>
<doc>Sends a POST request.</doc>
<msg timestamp="20220118 19:47:57.110" level="INFO">POST Request : url=https://getgeeks-users-nilton.herokuapp.com/users 
 path_url=/users 
 headers={'User-Agent': 'python-requests/2.26.0', 'Accept-Encoding': 'gzip, deflate', 'Accept': '*/*', 'Connection': 'keep-alive', 'Content-Length': '415', 'Content-Type': 'application/json'} 
 body=b'{"name": "Reed Richards", "email": "reed@fantastic4.com", "password": "pwd123", "geek_profile": {"whatsapp": "31999999999", "desc": "Instalado e fa\\u00e7o manuten\\u00e7\\u00e3o em qualquer tipo de impressora, matricial padr\\u00e3o, matricial fiscal, a jato, a cera, a laser e at\\u00e9 3D. Tamb\\u00e9m fa\\u00e7o remold de fitas coloridas para Epson LX300. ", "printer_repair": "Sim", "work": "Remoto", "cost": "120"}}' 
 </msg>
<msg timestamp="20220118 19:47:57.110" level="INFO">POST Response : url=https://getgeeks-users-nilton.herokuapp.com/users 
 status=201, reason=Created 
 headers={'Server': 'Cowboy', 'Connection': 'keep-alive', 'X-Powered-By': 'Express', 'Access-Control-Allow-Origin': '*', 'Content-Type': 'application/json; charset=utf-8', 'Content-Length': '10', 'Etag': 'W/"a-4z14/qnlzmL+BMeyFDflshoJisE"', 'Date': 'Tue, 18 Jan 2022 22:47:55 GMT', 'Via': '1.1 vegur'} 
 body={"id":371} 
 </msg>
<msg timestamp="20220118 19:47:57.111" level="INFO">${response} = &lt;Response [201]&gt;</msg>
<status status="PASS" starttime="20220118 19:47:56.200" endtime="20220118 19:47:57.111"/>
</kw>
<status status="PASS" starttime="20220118 19:47:56.199" endtime="20220118 19:47:57.112"/>
</kw>
<kw name="Get Token" library="Helpers">
<var>${token}</var>
<arg>${geek}</arg>
<kw name="Create Dictionary" library="BuiltIn">
<var>${payload}</var>
<arg>email=${user}[email]</arg>
<arg>password=${user}[password]</arg>
<doc>Creates and returns a dictionary based on the given ``items``.</doc>
<msg timestamp="20220118 19:47:57.116" level="INFO">${payload} = {'email': 'reed@fantastic4.com', 'password': 'pwd123'}</msg>
<status status="PASS" starttime="20220118 19:47:57.114" endtime="20220118 19:47:57.116"/>
</kw>
<kw name="POST Sessions" library="SessionsRoute">
<var>${response}</var>
<arg>${payload}</arg>
<kw name="POST" library="RequestsLibrary">
<var>${response}</var>
<arg>${URL_API_USERS}/sessions</arg>
<arg>json=${payload}</arg>
<arg>expected_status=any</arg>
<doc>Sends a POST request.</doc>
<msg timestamp="20220118 19:47:57.850" level="INFO">POST Request : url=https://getgeeks-users-nilton.herokuapp.com/sessions 
 path_url=/sessions 
 headers={'User-Agent': 'python-requests/2.26.0', 'Accept-Encoding': 'gzip, deflate', 'Accept': '*/*', 'Connection': 'keep-alive', 'Content-Length': '54', 'Content-Type': 'application/json'} 
 body=b'{"email": "reed@fantastic4.com", "password": "pwd123"}' 
 </msg>
<msg timestamp="20220118 19:47:57.851" level="INFO">POST Response : url=https://getgeeks-users-nilton.herokuapp.com/sessions 
 status=200, reason=OK 
 headers={'Server': 'Cowboy', 'Connection': 'keep-alive', 'X-Powered-By': 'Express', 'Access-Control-Allow-Origin': '*', 'Content-Type': 'application/json; charset=utf-8', 'Content-Length': '367', 'Etag': 'W/"16f-6hE+5sbXzyiGQAfYOSklKPoJM6c"', 'Date': 'Tue, 18 Jan 2022 22:47:56 GMT', 'Via': '1.1 vegur'} 
 body={"user":{"id":371,"email":"reed@fantastic4.com","password_hash":"$2b$08$HjiBFjqq.vJWFwbmIz6Uzu7SPoj9ojwhokLUrr78mxLv0qcJUN36e","name":"Reed Richards","avatar":null,"whatsapp":null,"is_geek":false},"token":"eyJhbGciOiJIUzI1NiIsInR5cCI6IkpXVCJ9.eyJpZCI6MzcxLCJpYXQiOjE2NDI1NDYwNzYsImV4cCI6MTY0MzQxMDA3Nn0.yWDUQuE3uKJRAHuC4yVqX7aFfzilCiKSKgDviFlCMD4","expires_in":"10d"} 
 </msg>
<msg timestamp="20220118 19:47:57.851" level="INFO">${response} = &lt;Response [200]&gt;</msg>
<status status="PASS" starttime="20220118 19:47:57.118" endtime="20220118 19:47:57.851"/>
</kw>
<msg timestamp="20220118 19:47:57.852" level="INFO">${response} = &lt;Response [200]&gt;</msg>
<status status="PASS" starttime="20220118 19:47:57.117" endtime="20220118 19:47:57.852"/>
</kw>
<kw name="Set Variable" library="BuiltIn">
<var>${result}</var>
<arg>${EMPTY}</arg>
<doc>Returns the given values which can then be assigned to a variables.</doc>
<msg timestamp="20220118 19:47:57.855" level="INFO">${result} = </msg>
<status status="PASS" starttime="20220118 19:47:57.853" endtime="20220118 19:47:57.855"/>
</kw>
<if>
<branch type="IF" condition="&quot;200&quot; in &quot;${response}&quot;">
<kw name="Set Variable" library="BuiltIn">
<var>${result}</var>
<arg>Bearer ${response.json()}[token]</arg>
<doc>Returns the given values which can then be assigned to a variables.</doc>
<msg timestamp="20220118 19:47:57.859" level="INFO">${result} = Bearer eyJhbGciOiJIUzI1NiIsInR5cCI6IkpXVCJ9.eyJpZCI6MzcxLCJpYXQiOjE2NDI1NDYwNzYsImV4cCI6MTY0MzQxMDA3Nn0.yWDUQuE3uKJRAHuC4yVqX7aFfzilCiKSKgDviFlCMD4</msg>
<status status="PASS" starttime="20220118 19:47:57.857" endtime="20220118 19:47:57.859"/>
</kw>
<status status="PASS" starttime="20220118 19:47:57.856" endtime="20220118 19:47:57.859"/>
</branch>
<status status="PASS" starttime="20220118 19:47:57.856" endtime="20220118 19:47:57.859"/>
</if>
<msg timestamp="20220118 19:47:57.860" level="INFO">${token} = Bearer eyJhbGciOiJIUzI1NiIsInR5cCI6IkpXVCJ9.eyJpZCI6MzcxLCJpYXQiOjE2NDI1NDYwNzYsImV4cCI6MTY0MzQxMDA3Nn0.yWDUQuE3uKJRAHuC4yVqX7aFfzilCiKSKgDviFlCMD4</msg>
<status status="PASS" starttime="20220118 19:47:57.112" endtime="20220118 19:47:57.860"/>
</kw>
<kw name="POST Geek" library="GeeksRoute">
<arg>${token}</arg>
<arg>${geek}[geek_profile]</arg>
<kw name="Create Dictionary" library="BuiltIn">
<var>${headers}</var>
<arg>Authorization=${token}</arg>
<doc>Creates and returns a dictionary based on the given ``items``.</doc>
<msg timestamp="20220118 19:47:57.863" level="INFO">${headers} = {'Authorization': 'Bearer eyJhbGciOiJIUzI1NiIsInR5cCI6IkpXVCJ9.eyJpZCI6MzcxLCJpYXQiOjE2NDI1NDYwNzYsImV4cCI6MTY0MzQxMDA3Nn0.yWDUQuE3uKJRAHuC4yVqX7aFfzilCiKSKgDviFlCMD4'}</msg>
<status status="PASS" starttime="20220118 19:47:57.862" endtime="20220118 19:47:57.863"/>
</kw>
<kw name="POST" library="RequestsLibrary">
<var>${response}</var>
<arg>${URL_API_GEEKS}/geeks</arg>
<arg>json=${payload}</arg>
<arg>headers=${headers}</arg>
<arg>expected_status=any</arg>
<doc>Sends a POST request.</doc>
<msg timestamp="20220118 19:47:58.704" level="INFO">POST Request : url=https://getgeeks-geeks-nilton.herokuapp.com/geeks 
 path_url=/geeks 
 headers={'User-Agent': 'python-requests/2.26.0', 'Accept-Encoding': 'gzip, deflate', 'Accept': '*/*', 'Connection': 'keep-alive', 'Authorization': 'Bearer eyJhbGciOiJIUzI1NiIsInR5cCI6IkpXVCJ9.eyJpZCI6MzcxLCJpYXQiOjE2NDI1NDYwNzYsImV4cCI6MTY0MzQxMDA3Nn0.yWDUQuE3uKJRAHuC4yVqX7aFfzilCiKSKgDviFlCMD4', 'Content-Length': '318', 'Content-Type': 'application/json'} 
 body=b'{"whatsapp": "31999999999", "desc": "Instalado e fa\\u00e7o manuten\\u00e7\\u00e3o em qualquer tipo de impressora, matricial padr\\u00e3o, matricial fiscal, a jato, a cera, a laser e at\\u00e9 3D. Tamb\\u00e9m fa\\u00e7o remold de fitas coloridas para Epson LX300. ", "printer_repair": "Sim", "work": "Remoto", "cost": "120"}' 
 </msg>
<msg timestamp="20220118 19:47:58.704" level="INFO">POST Response : url=https://getgeeks-geeks-nilton.herokuapp.com/geeks 
 status=201, reason=Created 
 headers={'Server': 'Cowboy', 'Connection': 'keep-alive', 'X-Powered-By': 'Express', 'Access-Control-Allow-Origin': '*', 'Date': 'Tue, 18 Jan 2022 22:47:57 GMT', 'Content-Length': '0', 'Via': '1.1 vegur'} 
 body=None 
 </msg>
<msg timestamp="20220118 19:47:58.705" level="INFO">${response} = &lt;Response [201]&gt;</msg>
<status status="PASS" starttime="20220118 19:47:57.863" endtime="20220118 19:47:58.705"/>
</kw>
<status status="PASS" starttime="20220118 19:47:57.860" endtime="20220118 19:47:58.706"/>
</kw>
<status status="PASS" starttime="20220118 19:47:56.198" endtime="20220118 19:47:58.706"/>
</iter>
<status status="PASS" starttime="20220118 19:47:51.603" endtime="20220118 19:47:58.706"/>
</for>
<kw name="POST User" library="UsersRoute">
<arg>${data}[user]</arg>
<kw name="POST" library="RequestsLibrary">
<var>${response}</var>
<arg>${URL_API_USERS}/users</arg>
<arg>json=${payload}</arg>
<arg>expected_status=any</arg>
<doc>Sends a POST request.</doc>
<msg timestamp="20220118 19:47:59.450" level="INFO">POST Request : url=https://getgeeks-users-nilton.herokuapp.com/users 
 path_url=/users 
 headers={'User-Agent': 'python-requests/2.26.0', 'Accept-Encoding': 'gzip, deflate', 'Accept': '*/*', 'Connection': 'keep-alive', 'Content-Length': '81', 'Content-Type': 'application/json'} 
 body=b'{"name": "Jos\\u00e9 Paulo", "email": "josepaulo@email.com", "password": "qwe123"}' 
 </msg>
<msg timestamp="20220118 19:47:59.450" level="INFO">POST Response : url=https://getgeeks-users-nilton.herokuapp.com/users 
 status=201, reason=Created 
 headers={'Server': 'Cowboy', 'Connection': 'keep-alive', 'X-Powered-By': 'Express', 'Access-Control-Allow-Origin': '*', 'Content-Type': 'application/json; charset=utf-8', 'Content-Length': '10', 'Etag': 'W/"a-05gCowPt57eBw9otuQyicfFpH3U"', 'Date': 'Tue, 18 Jan 2022 22:47:58 GMT', 'Via': '1.1 vegur'} 
 body={"id":372} 
 </msg>
<msg timestamp="20220118 19:47:59.450" level="INFO">${response} = &lt;Response [201]&gt;</msg>
<status status="PASS" starttime="20220118 19:47:58.710" endtime="20220118 19:47:59.450"/>
</kw>
<status status="PASS" starttime="20220118 19:47:58.709" endtime="20220118 19:47:59.451"/>
</kw>
<kw name="Get Token" library="Helpers">
<var>${token}</var>
<arg>${data}[user]</arg>
<kw name="Create Dictionary" library="BuiltIn">
<var>${payload}</var>
<arg>email=${user}[email]</arg>
<arg>password=${user}[password]</arg>
<doc>Creates and returns a dictionary based on the given ``items``.</doc>
<msg timestamp="20220118 19:47:59.457" level="INFO">${payload} = {'email': 'josepaulo@email.com', 'password': 'qwe123'}</msg>
<status status="PASS" starttime="20220118 19:47:59.455" endtime="20220118 19:47:59.457"/>
</kw>
<kw name="POST Sessions" library="SessionsRoute">
<var>${response}</var>
<arg>${payload}</arg>
<kw name="POST" library="RequestsLibrary">
<var>${response}</var>
<arg>${URL_API_USERS}/sessions</arg>
<arg>json=${payload}</arg>
<arg>expected_status=any</arg>
<doc>Sends a POST request.</doc>
<msg timestamp="20220118 19:48:00.151" level="INFO">POST Request : url=https://getgeeks-users-nilton.herokuapp.com/sessions 
 path_url=/sessions 
 headers={'User-Agent': 'python-requests/2.26.0', 'Accept-Encoding': 'gzip, deflate', 'Accept': '*/*', 'Connection': 'keep-alive', 'Content-Length': '54', 'Content-Type': 'application/json'} 
 body=b'{"email": "josepaulo@email.com", "password": "qwe123"}' 
 </msg>
<msg timestamp="20220118 19:48:00.151" level="INFO">POST Response : url=https://getgeeks-users-nilton.herokuapp.com/sessions 
 status=200, reason=OK 
 headers={'Server': 'Cowboy', 'Connection': 'keep-alive', 'X-Powered-By': 'Express', 'Access-Control-Allow-Origin': '*', 'Content-Type': 'application/json; charset=utf-8', 'Content-Length': '365', 'Etag': 'W/"16d-AvfgdUIwzWuQecdgPT+Sdp1ffU0"', 'Date': 'Tue, 18 Jan 2022 22:47:58 GMT', 'Via': '1.1 vegur'} 
 body={"user":{"id":372,"email":"josepaulo@email.com","password_hash":"$2b$08$wVOvGHQp17LWpkV91VKheuJUpapBxgzJv.7pR3BfXt6pVy/2zDgX2","name":"José Paulo","avatar":null,"whatsapp":null,"is_geek":false},"token":"eyJhbGciOiJIUzI1NiIsInR5cCI6IkpXVCJ9.eyJpZCI6MzcyLCJpYXQiOjE2NDI1NDYwNzgsImV4cCI6MTY0MzQxMDA3OH0.sYemvRDbeIWWP2AKSssYQbwoCRTBQ9QJVnzOCOi58Bw","expires_in":"10d"} 
 </msg>
<msg timestamp="20220118 19:48:00.152" level="INFO">${response} = &lt;Response [200]&gt;</msg>
<status status="PASS" starttime="20220118 19:47:59.458" endtime="20220118 19:48:00.152"/>
</kw>
<msg timestamp="20220118 19:48:00.153" level="INFO">${response} = &lt;Response [200]&gt;</msg>
<status status="PASS" starttime="20220118 19:47:59.457" endtime="20220118 19:48:00.154"/>
</kw>
<kw name="Set Variable" library="BuiltIn">
<var>${result}</var>
<arg>${EMPTY}</arg>
<doc>Returns the given values which can then be assigned to a variables.</doc>
<msg timestamp="20220118 19:48:00.158" level="INFO">${result} = </msg>
<status status="PASS" starttime="20220118 19:48:00.154" endtime="20220118 19:48:00.158"/>
</kw>
<if>
<branch type="IF" condition="&quot;200&quot; in &quot;${response}&quot;">
<kw name="Set Variable" library="BuiltIn">
<var>${result}</var>
<arg>Bearer ${response.json()}[token]</arg>
<doc>Returns the given values which can then be assigned to a variables.</doc>
<msg timestamp="20220118 19:48:00.161" level="INFO">${result} = Bearer eyJhbGciOiJIUzI1NiIsInR5cCI6IkpXVCJ9.eyJpZCI6MzcyLCJpYXQiOjE2NDI1NDYwNzgsImV4cCI6MTY0MzQxMDA3OH0.sYemvRDbeIWWP2AKSssYQbwoCRTBQ9QJVnzOCOi58Bw</msg>
<status status="PASS" starttime="20220118 19:48:00.160" endtime="20220118 19:48:00.161"/>
</kw>
<status status="PASS" starttime="20220118 19:48:00.159" endtime="20220118 19:48:00.161"/>
</branch>
<status status="PASS" starttime="20220118 19:48:00.158" endtime="20220118 19:48:00.161"/>
</if>
<msg timestamp="20220118 19:48:00.162" level="INFO">${token} = Bearer eyJhbGciOiJIUzI1NiIsInR5cCI6IkpXVCJ9.eyJpZCI6MzcyLCJpYXQiOjE2NDI1NDYwNzgsImV4cCI6MTY0MzQxMDA3OH0.sYemvRDbeIWWP2AKSssYQbwoCRTBQ9QJVnzOCOi58Bw</msg>
<status status="PASS" starttime="20220118 19:47:59.453" endtime="20220118 19:48:00.162"/>
</kw>
<kw name="GET Geeks" library="GeeksRoute">
<var>${response}</var>
<arg>${token}</arg>
<kw name="Create Dictionary" library="BuiltIn">
<var>${headers}</var>
<arg>Authorization=${token}</arg>
<doc>Creates and returns a dictionary based on the given ``items``.</doc>
<msg timestamp="20220118 19:48:00.165" level="INFO">${headers} = {'Authorization': 'Bearer eyJhbGciOiJIUzI1NiIsInR5cCI6IkpXVCJ9.eyJpZCI6MzcyLCJpYXQiOjE2NDI1NDYwNzgsImV4cCI6MTY0MzQxMDA3OH0.sYemvRDbeIWWP2AKSssYQbwoCRTBQ9QJVnzOCOi58Bw'}</msg>
<status status="PASS" starttime="20220118 19:48:00.165" endtime="20220118 19:48:00.165"/>
</kw>
<kw name="GET" library="RequestsLibrary">
<var>${response}</var>
<arg>${URL_API_GEEKS}/geeks</arg>
<arg>headers=${headers}</arg>
<arg>expected_status=any</arg>
<doc>Sends a GET request.</doc>
<msg timestamp="20220118 19:48:00.861" level="INFO">GET Request : url=https://getgeeks-geeks-nilton.herokuapp.com/geeks 
 path_url=/geeks 
 headers={'User-Agent': 'python-requests/2.26.0', 'Accept-Encoding': 'gzip, deflate', 'Accept': '*/*', 'Connection': 'keep-alive', 'Authorization': 'Bearer eyJhbGciOiJIUzI1NiIsInR5cCI6IkpXVCJ9.eyJpZCI6MzcyLCJpYXQiOjE2NDI1NDYwNzgsImV4cCI6MTY0MzQxMDA3OH0.sYemvRDbeIWWP2AKSssYQbwoCRTBQ9QJVnzOCOi58Bw'} 
 body=None 
 </msg>
<msg timestamp="20220118 19:48:00.862" level="INFO">GET Response : url=https://getgeeks-geeks-nilton.herokuapp.com/geeks 
 status=200, reason=OK 
 headers={'Server': 'Cowboy', 'Connection': 'keep-alive', 'X-Powered-By': 'Express', 'Access-Control-Allow-Origin': '*', 'Content-Type': 'application/json; charset=utf-8', 'Content-Length': '1552', 'Etag': 'W/"610-fwvlDB8aJm2ZT0xkAI46OTRZlgM"', 'Date': 'Tue, 18 Jan 2022 22:47:59 GMT', 'Via': '1.1 vegur'} 
 body={"Geeks":[{"id":369,"desc":"Seu computador está lento? Reiniciando do nada? Talvez seja um vírus, ou algum hardware com defeito. Posso fazer a manutenção no seu PC, formando, reinstalando o SO, trocando algum componente físico e porque não remover o baidu ou qualquer outro malware.","printer_repair":"Não","work":"Presencial","cost":"100.00","user_id":369,"email":"riri@marvel.com","password_hash":"$2b$08$dRXxCAHhPWPU1a28gier6eJHdLhheNVMxgTQ1ptmej3jXXUlRr3YW","name":"Riri Willians","avatar":null,"whatsapp":"11999999999","is_geek":true},{"id":370,"desc":"Instalo Distros Ubuntu, Debian, ElementaryOS, PopOS, Linux Mint, Kurumin, Mandrake, Connectiva, Fedora, RedHat, CentOS, Slackware, Gentoo, Archlinux, Kubuntu, Xubuntu, Suze, Mandriva, Edubuntu, KateOS, Sabayon Linux, Manjaro Linux, BigLinux, ZorinOS, Unit","printer_repair":"Não","work":"Ambos","cost":"110.00","user_id":370,"email":"zola@hidra.com","password_hash":"$2b$08$cZ1VfgqNAfErGJq/p0.UWu3eBY82O9ziGT50sTMUof/u/VQngNzkm","name":"Arnim Zola","avatar":null,"whatsapp":"21999999999","is_geek":true},{"id":371,"desc":"Instalado e faço manutenção em qualquer tipo de impressora, matricial padrão, matricial fiscal, a jato, a cera, a laser e até 3D. Também faço remold de fitas coloridas para Epson LX300. ","printer_repair":"Sim","work":"Remoto","cost":"120.00","user_id":371,"email":"reed@fantastic4.com","password_hash":"$2b$08$HjiBFjqq.vJWFwbmIz6Uzu7SPoj9ojwhokLUrr78mxLv0qcJUN36e","name":"Reed Richards","avatar":null,"whatsapp":"31999999999","is_geek":true}],"Count":"3"} 
 </msg>
<msg timestamp="20220118 19:48:00.862" level="INFO">${response} = &lt;Response [200]&gt;</msg>
<status status="PASS" starttime="20220118 19:48:00.166" endtime="20220118 19:48:00.863"/>
</kw>
<msg timestamp="20220118 19:48:00.864" level="INFO">${response} = &lt;Response [200]&gt;</msg>
<status status="PASS" starttime="20220118 19:48:00.164" endtime="20220118 19:48:00.864"/>
</kw>
<kw name="Status Should Be" library="RequestsLibrary">
<arg>200</arg>
<arg>${response}</arg>
<doc>Fails if response status code is different than the expected.</doc>
<status status="PASS" starttime="20220118 19:48:00.866" endtime="20220118 19:48:00.868"/>
</kw>
<kw name="Get Length" library="BuiltIn">
<var>${total}</var>
<arg>${response.json()}[Geeks]</arg>
<doc>Returns and logs the length of the given item as an integer.</doc>
<msg timestamp="20220118 19:48:00.873" level="INFO">Length is 3</msg>
<msg timestamp="20220118 19:48:00.873" level="INFO">${total} = 3</msg>
<status status="PASS" starttime="20220118 19:48:00.869" endtime="20220118 19:48:00.873"/>
</kw>
<kw name="Should Be True" library="BuiltIn">
<arg>${total} &gt; 0</arg>
<doc>Fails if the given condition is not true.</doc>
<status status="PASS" starttime="20220118 19:48:00.874" endtime="20220118 19:48:00.875"/>
</kw>
<tag>geek_list</tag>
<status status="PASS" starttime="20220118 19:47:51.601" endtime="20220118 19:48:00.877"/>
</test>
<doc>Geek route test suite</doc>
<status status="PASS" starttime="20220118 19:47:51.491" endtime="20220118 19:48:00.881"/>
</suite>
<statistics>
<total>
<stat pass="1" fail="0" skip="0">All Tests</stat>
</total>
<tag>
<stat pass="1" fail="0" skip="0">geek_list</stat>
</tag>
<suite>
<stat pass="1" fail="0" skip="0" id="s1" name="Geeks">Geeks</stat>
</suite>
</statistics>
<errors>
</errors>
</robot>
